i:\Program Files\Marmalade\6.3\examples\EDK\MacAddress\build_macaddress_windows_win32_vc10_x86\Debug_MacAddress_windows_vc10_x86\CL.1668.read.1.tlog
i:\Program Files\Marmalade\6.3\examples\EDK\MacAddress\build_macaddress_windows_win32_vc10_x86\Debug_MacAddress_windows_vc10_x86\CL.1668.write.1.tlog
i:\Program Files\Marmalade\6.3\examples\EDK\MacAddress\build_macaddress_windows_win32_vc10_x86\Debug_MacAddress_windows_vc10_x86\CL.1740.read.1.tlog
i:\Program Files\Marmalade\6.3\examples\EDK\MacAddress\build_macaddress_windows_win32_vc10_x86\Debug_MacAddress_windows_vc10_x86\CL.1740.write.1.tlog
i:\Program Files\Marmalade\6.3\examples\EDK\MacAddress\build_macaddress_windows_win32_vc10_x86\Debug_MacAddress_windows_vc10_x86\CL.2076.read.1.tlog
i:\Program Files\Marmalade\6.3\examples\EDK\MacAddress\build_macaddress_windows_win32_vc10_x86\Debug_MacAddress_windows_vc10_x86\CL.2076.write.1.tlog
i:\Program Files\Marmalade\6.3\examples\EDK\MacAddress\build_macaddress_windows_win32_vc10_x86\Debug_MacAddress_windows_vc10_x86\CL.2312.read.1.tlog
i:\Program Files\Marmalade\6.3\examples\EDK\MacAddress\build_macaddress_windows_win32_vc10_x86\Debug_MacAddress_windows_vc10_x86\CL.2312.write.1.tlog
i:\Program Files\Marmalade\6.3\examples\EDK\MacAddress\build_macaddress_windows_win32_vc10_x86\Debug_MacAddress_windows_vc10_x86\CL.2316.read.1.tlog
i:\Program Files\Marmalade\6.3\examples\EDK\MacAddress\build_macaddress_windows_win32_vc10_x86\Debug_MacAddress_windows_vc10_x86\CL.2316.write.1.tlog
i:\Program Files\Marmalade\6.3\examples\EDK\MacAddress\build_macaddress_windows_win32_vc10_x86\Debug_MacAddress_windows_vc10_x86\CL.3588.read.1.tlog
i:\Program Files\Marmalade\6.3\examples\EDK\MacAddress\build_macaddress_windows_win32_vc10_x86\Debug_MacAddress_windows_vc10_x86\CL.3588.write.1.tlog
i:\Program Files\Marmalade\6.3\examples\EDK\MacAddress\build_macaddress_windows_win32_vc10_x86\Debug_MacAddress_windows_vc10_x86\CL.4304.read.1.tlog
i:\Program Files\Marmalade\6.3\examples\EDK\MacAddress\build_macaddress_windows_win32_vc10_x86\Debug_MacAddress_windows_vc10_x86\CL.4304.write.1.tlog
i:\Program Files\Marmalade\6.3\examples\EDK\MacAddress\build_macaddress_windows_win32_vc10_x86\Debug_MacAddress_windows_vc10_x86\CL.4408.read.1.tlog
i:\Program Files\Marmalade\6.3\examples\EDK\MacAddress\build_macaddress_windows_win32_vc10_x86\Debug_MacAddress_windows_vc10_x86\CL.4408.write.1.tlog
i:\Program Files\Marmalade\6.3\examples\EDK\MacAddress\build_macaddress_windows_win32_vc10_x86\Debug_MacAddress_windows_vc10_x86\CL.4664.read.1.tlog
i:\Program Files\Marmalade\6.3\examples\EDK\MacAddress\build_macaddress_windows_win32_vc10_x86\Debug_MacAddress_windows_vc10_x86\CL.4664.write.1.tlog
i:\Program Files\Marmalade\6.3\examples\EDK\MacAddress\build_macaddress_windows_win32_vc10_x86\Debug_MacAddress_windows_vc10_x86\CL.4704.read.1.tlog
i:\Program Files\Marmalade\6.3\examples\EDK\MacAddress\build_macaddress_windows_win32_vc10_x86\Debug_MacAddress_windows_vc10_x86\CL.4704.write.1.tlog
i:\Program Files\Marmalade\6.3\examples\EDK\MacAddress\build_macaddress_windows_win32_vc10_x86\Debug_MacAddress_windows_vc10_x86\CL.4860.read.1.tlog
i:\Program Files\Marmalade\6.3\examples\EDK\MacAddress\build_macaddress_windows_win32_vc10_x86\Debug_MacAddress_windows_vc10_x86\CL.4860.write.1.tlog
i:\Program Files\Marmalade\6.3\examples\EDK\MacAddress\build_macaddress_windows_win32_vc10_x86\Debug_MacAddress_windows_vc10_x86\CL.4952.read.1.tlog
i:\Program Files\Marmalade\6.3\examples\EDK\MacAddress\build_macaddress_windows_win32_vc10_x86\Debug_MacAddress_windows_vc10_x86\CL.4952.write.1.tlog
i:\Program Files\Marmalade\6.3\examples\EDK\MacAddress\build_macaddress_windows_win32_vc10_x86\Debug_MacAddress_windows_vc10_x86\CL.5040.read.1.tlog
i:\Program Files\Marmalade\6.3\examples\EDK\MacAddress\build_macaddress_windows_win32_vc10_x86\Debug_MacAddress_windows_vc10_x86\CL.5040.write.1.tlog
i:\Program Files\Marmalade\6.3\examples\EDK\MacAddress\build_macaddress_windows_win32_vc10_x86\Debug_MacAddress_windows_vc10_x86\CL.5280.read.1.tlog
i:\Program Files\Marmalade\6.3\examples\EDK\MacAddress\build_macaddress_windows_win32_vc10_x86\Debug_MacAddress_windows_vc10_x86\CL.5280.write.1.tlog
i:\Program Files\Marmalade\6.3\examples\EDK\MacAddress\build_macaddress_windows_win32_vc10_x86\Debug_MacAddress_windows_vc10_x86\CL.5368.read.1.tlog
i:\Program Files\Marmalade\6.3\examples\EDK\MacAddress\build_macaddress_windows_win32_vc10_x86\Debug_MacAddress_windows_vc10_x86\CL.5368.write.1.tlog
i:\Program Files\Marmalade\6.3\examples\EDK\MacAddress\build_macaddress_windows_win32_vc10_x86\Debug_MacAddress_windows_vc10_x86\CL.5592.read.1.tlog
i:\Program Files\Marmalade\6.3\examples\EDK\MacAddress\build_macaddress_windows_win32_vc10_x86\Debug_MacAddress_windows_vc10_x86\CL.5592.write.1.tlog
i:\Program Files\Marmalade\6.3\examples\EDK\MacAddress\build_macaddress_windows_win32_vc10_x86\Debug_MacAddress_windows_vc10_x86\CL.5596.read.1.tlog
i:\Program Files\Marmalade\6.3\examples\EDK\MacAddress\build_macaddress_windows_win32_vc10_x86\Debug_MacAddress_windows_vc10_x86\CL.5596.write.1.tlog
i:\Program Files\Marmalade\6.3\examples\EDK\MacAddress\build_macaddress_windows_win32_vc10_x86\Debug_MacAddress_windows_vc10_x86\CL.5680.read.1.tlog
i:\Program Files\Marmalade\6.3\examples\EDK\MacAddress\build_macaddress_windows_win32_vc10_x86\Debug_MacAddress_windows_vc10_x86\CL.5680.write.1.tlog
i:\Program Files\Marmalade\6.3\examples\EDK\MacAddress\build_macaddress_windows_win32_vc10_x86\Debug_MacAddress_windows_vc10_x86\CL.5700.read.1.tlog
i:\Program Files\Marmalade\6.3\examples\EDK\MacAddress\build_macaddress_windows_win32_vc10_x86\Debug_MacAddress_windows_vc10_x86\CL.5700.write.1.tlog
i:\Program Files\Marmalade\6.3\examples\EDK\MacAddress\build_macaddress_windows_win32_vc10_x86\Debug_MacAddress_windows_vc10_x86\CL.5736.read.1.tlog
i:\Program Files\Marmalade\6.3\examples\EDK\MacAddress\build_macaddress_windows_win32_vc10_x86\Debug_MacAddress_windows_vc10_x86\CL.5736.write.1.tlog
i:\Program Files\Marmalade\6.3\examples\EDK\MacAddress\build_macaddress_windows_win32_vc10_x86\Debug_MacAddress_windows_vc10_x86\CL.5748.read.1.tlog
i:\Program Files\Marmalade\6.3\examples\EDK\MacAddress\build_macaddress_windows_win32_vc10_x86\Debug_MacAddress_windows_vc10_x86\CL.5748.write.1.tlog
i:\Program Files\Marmalade\6.3\examples\EDK\MacAddress\build_macaddress_windows_win32_vc10_x86\Debug_MacAddress_windows_vc10_x86\CL.5780.read.1.tlog
i:\Program Files\Marmalade\6.3\examples\EDK\MacAddress\build_macaddress_windows_win32_vc10_x86\Debug_MacAddress_windows_vc10_x86\CL.5780.write.1.tlog
i:\Program Files\Marmalade\6.3\examples\EDK\MacAddress\build_macaddress_windows_win32_vc10_x86\Debug_MacAddress_windows_vc10_x86\cl.command.1.tlog
i:\Program Files\Marmalade\6.3\examples\EDK\MacAddress\build_macaddress_windows_win32_vc10_x86\Debug_MacAddress_windows_vc10_x86\CL.read.1.tlog
i:\Program Files\Marmalade\6.3\examples\EDK\MacAddress\build_macaddress_windows_win32_vc10_x86\Debug_MacAddress_windows_vc10_x86\CL.write.1.tlog
i:\Program Files\Marmalade\6.3\examples\EDK\MacAddress\build_macaddress_windows_win32_vc10_x86\Debug_MacAddress_windows_vc10_x86\custombuild.command.1.tlog
i:\Program Files\Marmalade\6.3\examples\EDK\MacAddress\build_macaddress_windows_win32_vc10_x86\Debug_MacAddress_windows_vc10_x86\custombuild.read.1.tlog
i:\Program Files\Marmalade\6.3\examples\EDK\MacAddress\build_macaddress_windows_win32_vc10_x86\Debug_MacAddress_windows_vc10_x86\custombuild.write.1.tlog
i:\Program Files\Marmalade\6.3\examples\EDK\MacAddress\build_macaddress_windows_win32_vc10_x86\Debug_MacAddress_windows_vc10_x86\link.2788.read.1.tlog
i:\Program Files\Marmalade\6.3\examples\EDK\MacAddress\build_macaddress_windows_win32_vc10_x86\Debug_MacAddress_windows_vc10_x86\link.2788.write.1.tlog
i:\Program Files\Marmalade\6.3\examples\EDK\MacAddress\build_macaddress_windows_win32_vc10_x86\Debug_MacAddress_windows_vc10_x86\link.3304.1668.read.1.tlog
i:\Program Files\Marmalade\6.3\examples\EDK\MacAddress\build_macaddress_windows_win32_vc10_x86\Debug_MacAddress_windows_vc10_x86\link.3304.1668.write.1.tlog
i:\Program Files\Marmalade\6.3\examples\EDK\MacAddress\build_macaddress_windows_win32_vc10_x86\Debug_MacAddress_windows_vc10_x86\link.3304.read.1.tlog
i:\Program Files\Marmalade\6.3\examples\EDK\MacAddress\build_macaddress_windows_win32_vc10_x86\Debug_MacAddress_windows_vc10_x86\link.3304.write.1.tlog
i:\Program Files\Marmalade\6.3\examples\EDK\MacAddress\build_macaddress_windows_win32_vc10_x86\Debug_MacAddress_windows_vc10_x86\link.3484.read.1.tlog
i:\Program Files\Marmalade\6.3\examples\EDK\MacAddress\build_macaddress_windows_win32_vc10_x86\Debug_MacAddress_windows_vc10_x86\link.3484.write.1.tlog
i:\Program Files\Marmalade\6.3\examples\EDK\MacAddress\build_macaddress_windows_win32_vc10_x86\Debug_MacAddress_windows_vc10_x86\link.372.read.1.tlog
i:\Program Files\Marmalade\6.3\examples\EDK\MacAddress\build_macaddress_windows_win32_vc10_x86\Debug_MacAddress_windows_vc10_x86\link.372.write.1.tlog
i:\Program Files\Marmalade\6.3\examples\EDK\MacAddress\build_macaddress_windows_win32_vc10_x86\Debug_MacAddress_windows_vc10_x86\link.4108.read.1.tlog
i:\Program Files\Marmalade\6.3\examples\EDK\MacAddress\build_macaddress_windows_win32_vc10_x86\Debug_MacAddress_windows_vc10_x86\link.4108.write.1.tlog
i:\Program Files\Marmalade\6.3\examples\EDK\MacAddress\build_macaddress_windows_win32_vc10_x86\Debug_MacAddress_windows_vc10_x86\link.4120.read.1.tlog
i:\Program Files\Marmalade\6.3\examples\EDK\MacAddress\build_macaddress_windows_win32_vc10_x86\Debug_MacAddress_windows_vc10_x86\link.4120.write.1.tlog
i:\Program Files\Marmalade\6.3\examples\EDK\MacAddress\build_macaddress_windows_win32_vc10_x86\Debug_MacAddress_windows_vc10_x86\link.4440.read.1.tlog
i:\Program Files\Marmalade\6.3\examples\EDK\MacAddress\build_macaddress_windows_win32_vc10_x86\Debug_MacAddress_windows_vc10_x86\link.4440.write.1.tlog
i:\Program Files\Marmalade\6.3\examples\EDK\MacAddress\build_macaddress_windows_win32_vc10_x86\Debug_MacAddress_windows_vc10_x86\link.4712.read.1.tlog
i:\Program Files\Marmalade\6.3\examples\EDK\MacAddress\build_macaddress_windows_win32_vc10_x86\Debug_MacAddress_windows_vc10_x86\link.4712.write.1.tlog
i:\Program Files\Marmalade\6.3\examples\EDK\MacAddress\build_macaddress_windows_win32_vc10_x86\Debug_MacAddress_windows_vc10_x86\link.5036.read.1.tlog
i:\Program Files\Marmalade\6.3\examples\EDK\MacAddress\build_macaddress_windows_win32_vc10_x86\Debug_MacAddress_windows_vc10_x86\link.5036.write.1.tlog
i:\Program Files\Marmalade\6.3\examples\EDK\MacAddress\build_macaddress_windows_win32_vc10_x86\Debug_MacAddress_windows_vc10_x86\link.5284.read.1.tlog
i:\Program Files\Marmalade\6.3\examples\EDK\MacAddress\build_macaddress_windows_win32_vc10_x86\Debug_MacAddress_windows_vc10_x86\link.5284.write.1.tlog
i:\Program Files\Marmalade\6.3\examples\EDK\MacAddress\build_macaddress_windows_win32_vc10_x86\Debug_MacAddress_windows_vc10_x86\link.5372.read.1.tlog
i:\Program Files\Marmalade\6.3\examples\EDK\MacAddress\build_macaddress_windows_win32_vc10_x86\Debug_MacAddress_windows_vc10_x86\link.5372.write.1.tlog
i:\Program Files\Marmalade\6.3\examples\EDK\MacAddress\build_macaddress_windows_win32_vc10_x86\Debug_MacAddress_windows_vc10_x86\link.5424.read.1.tlog
i:\Program Files\Marmalade\6.3\examples\EDK\MacAddress\build_macaddress_windows_win32_vc10_x86\Debug_MacAddress_windows_vc10_x86\link.5424.write.1.tlog
i:\Program Files\Marmalade\6.3\examples\EDK\MacAddress\build_macaddress_windows_win32_vc10_x86\Debug_MacAddress_windows_vc10_x86\link.5608.2768.read.1.tlog
i:\Program Files\Marmalade\6.3\examples\EDK\MacAddress\build_macaddress_windows_win32_vc10_x86\Debug_MacAddress_windows_vc10_x86\link.5608.2768.write.1.tlog
i:\Program Files\Marmalade\6.3\examples\EDK\MacAddress\build_macaddress_windows_win32_vc10_x86\Debug_MacAddress_windows_vc10_x86\link.5608.4836.read.1.tlog
i:\Program Files\Marmalade\6.3\examples\EDK\MacAddress\build_macaddress_windows_win32_vc10_x86\Debug_MacAddress_windows_vc10_x86\link.5608.4836.write.1.tlog
i:\Program Files\Marmalade\6.3\examples\EDK\MacAddress\build_macaddress_windows_win32_vc10_x86\Debug_MacAddress_windows_vc10_x86\link.5608.read.1.tlog
i:\Program Files\Marmalade\6.3\examples\EDK\MacAddress\build_macaddress_windows_win32_vc10_x86\Debug_MacAddress_windows_vc10_x86\link.5608.write.1.tlog
i:\Program Files\Marmalade\6.3\examples\EDK\MacAddress\build_macaddress_windows_win32_vc10_x86\Debug_MacAddress_windows_vc10_x86\link.5664.read.1.tlog
i:\Program Files\Marmalade\6.3\examples\EDK\MacAddress\build_macaddress_windows_win32_vc10_x86\Debug_MacAddress_windows_vc10_x86\link.5664.write.1.tlog
i:\Program Files\Marmalade\6.3\examples\EDK\MacAddress\build_macaddress_windows_win32_vc10_x86\Debug_MacAddress_windows_vc10_x86\link.5688.read.1.tlog
i:\Program Files\Marmalade\6.3\examples\EDK\MacAddress\build_macaddress_windows_win32_vc10_x86\Debug_MacAddress_windows_vc10_x86\link.5688.write.1.tlog
i:\Program Files\Marmalade\6.3\examples\EDK\MacAddress\build_macaddress_windows_win32_vc10_x86\Debug_MacAddress_windows_vc10_x86\link.5708.read.1.tlog
i:\Program Files\Marmalade\6.3\examples\EDK\MacAddress\build_macaddress_windows_win32_vc10_x86\Debug_MacAddress_windows_vc10_x86\link.5708.write.1.tlog
i:\Program Files\Marmalade\6.3\examples\EDK\MacAddress\build_macaddress_windows_win32_vc10_x86\Debug_MacAddress_windows_vc10_x86\link.5840.read.1.tlog
i:\Program Files\Marmalade\6.3\examples\EDK\MacAddress\build_macaddress_windows_win32_vc10_x86\Debug_MacAddress_windows_vc10_x86\link.5840.write.1.tlog
i:\Program Files\Marmalade\6.3\examples\EDK\MacAddress\build_macaddress_windows_win32_vc10_x86\Debug_MacAddress_windows_vc10_x86\link.5948.4440.read.1.tlog
i:\Program Files\Marmalade\6.3\examples\EDK\MacAddress\build_macaddress_windows_win32_vc10_x86\Debug_MacAddress_windows_vc10_x86\link.5948.4440.write.1.tlog
i:\Program Files\Marmalade\6.3\examples\EDK\MacAddress\build_macaddress_windows_win32_vc10_x86\Debug_MacAddress_windows_vc10_x86\link.5948.read.1.tlog
i:\Program Files\Marmalade\6.3\examples\EDK\MacAddress\build_macaddress_windows_win32_vc10_x86\Debug_MacAddress_windows_vc10_x86\link.5948.write.1.tlog
i:\Program Files\Marmalade\6.3\examples\EDK\MacAddress\build_macaddress_windows_win32_vc10_x86\Debug_MacAddress_windows_vc10_x86\link.5992.read.1.tlog
i:\Program Files\Marmalade\6.3\examples\EDK\MacAddress\build_macaddress_windows_win32_vc10_x86\Debug_MacAddress_windows_vc10_x86\link.5992.write.1.tlog
i:\Program Files\Marmalade\6.3\examples\EDK\MacAddress\build_macaddress_windows_win32_vc10_x86\Debug_MacAddress_windows_vc10_x86\link.command.1.tlog
i:\Program Files\Marmalade\6.3\examples\EDK\MacAddress\build_macaddress_windows_win32_vc10_x86\Debug_MacAddress_windows_vc10_x86\link.read.1.tlog
I:\PROGRAM FILES\MARMALADE\6.3\EXAMPLES\EDK\MACADDRESS\BUILD_MACADDRESS_WINDOWS_WIN32_VC10_X86\DEBUG_MACADDRESS_WINDOWS_VC10_X86\MACADDRESS.OBJ
I:\PROGRAM FILES\MARMALADE\6.3\EXAMPLES\EDK\MACADDRESS\BUILD_MACADDRESS_WINDOWS_WIN32_VC10_X86\DEBUG_MACADDRESS_WINDOWS_VC10_X86\MACADDRESS_PLATFORM.OBJ
I:\PROGRAM FILES\MARMALADE\6.3\EXAMPLES\EDK\MACADDRESS\BUILD_MACADDRESS_WINDOWS_WIN32_VC10_X86\DEBUG_MACADDRESS_WINDOWS_VC10_X86\MACADDRESS_REGISTER.OBJ
i:\Program Files\Marmalade\6.3\examples\EDK\MacAddress\build_macaddress_windows_win32_vc10_x86\Debug_MacAddress_windows_vc10_x86\MacAddress_windows_vc10.write.1.tlog
i:\Program Files\Marmalade\6.3\examples\EDK\MacAddress\build_macaddress_windows_win32_vc10_x86\Debug_MacAddress_windows_vc10_x86\vc100.idb
I:\PROGRAM FILES\MARMALADE\6.3\EXAMPLES\EDK\MACADDRESS\BUILD_MACADDRESS_WINDOWS_WIN32_VC10_X86\DEBUG_MACADDRESS_WINDOWS_VC10_X86\VC100.PDB
I:\PROGRAM FILES\MARMALADE\6.3\EXAMPLES\EDK\MACADDRESS\BUILD_MACADDRESS_WINDOWS_WIN32_VC10_X86\MACADDRESS_WINDOWS_VC10.STAMP
I:\PROGRAM FILES\MARMALADE\6.3\EXAMPLES\EDK\MACADDRESS\LIB\WIN32\MACADDRESS_D.DLL
i:\Program Files\Marmalade\6.3\examples\EDK\MacAddress\lib\win32\MacAddress_d.exp
I:\PROGRAM FILES\MARMALADE\6.3\EXAMPLES\EDK\MACADDRESS\LIB\WIN32\MACADDRESS_D.ILK
i:\Program Files\Marmalade\6.3\examples\EDK\MacAddress\lib\win32\MacAddress_d.lib
I:\PROGRAM FILES\MARMALADE\6.3\EXAMPLES\EDK\MACADDRESS\LIB\WIN32\MACADDRESS_D.PDB
